<?xml version="1.0" encoding="UTF-8"?>
<testng-results ignored="0" total="12" passed="12" failed="0" skipped="0">
  <reporter-output>
  </reporter-output>
  <suite started-at="2024-10-29T23:04:13 WAT" name="Cross-Browser Testing Suite" finished-at="2024-10-29T23:05:21 WAT" duration-ms="67569">
    <groups>
    </groups>
    <test started-at="2024-10-29T23:04:13 WAT" name="Chrome Tests" finished-at="2024-10-29T23:04:52 WAT" duration-ms="38656">
      <class name="loginSuite">
        <test-method is-config="true" signature="startBrowser(java.lang.String)[pri:0, instance:loginSuite@778d1062]" started-at="2024-10-29T23:04:20 WAT" name="startBrowser" finished-at="2024-10-29T23:04:30 WAT" duration-ms="10383" status="PASS">
          <params>
            <param index="0">
              <value>
                <![CDATA[chrome]]>
              </value>
            </param>
          </params>
          <reporter-output>
          </reporter-output>
        </test-method> <!-- startBrowser -->
        <test-method signature="userLogin()[pri:0, instance:loginSuite@778d1062]" started-at="2024-10-29T23:04:42 WAT" name="userLogin" finished-at="2024-10-29T23:04:50 WAT" duration-ms="7281" status="PASS">
          <reporter-output>
          </reporter-output>
        </test-method> <!-- userLogin -->
        <test-method is-config="true" signature="stopBrowser()[pri:0, instance:loginSuite@778d1062]" started-at="2024-10-29T23:04:52 WAT" name="stopBrowser" finished-at="2024-10-29T23:04:52 WAT" duration-ms="164" status="PASS">
          <reporter-output>
          </reporter-output>
        </test-method> <!-- stopBrowser -->
      </class> <!-- loginSuite -->
      <class name="CheckoutSuite">
        <test-method is-config="true" signature="startBrowser(java.lang.String)[pri:0, instance:CheckoutSuite@75329a49]" started-at="2024-10-29T23:04:13 WAT" name="startBrowser" finished-at="2024-10-29T23:04:17 WAT" duration-ms="3746" status="PASS">
          <params>
            <param index="0">
              <value>
                <![CDATA[chrome]]>
              </value>
            </param>
          </params>
          <reporter-output>
          </reporter-output>
        </test-method> <!-- startBrowser -->
        <test-method signature="addProducts()[pri:0, instance:CheckoutSuite@75329a49]" started-at="2024-10-29T23:04:41 WAT" name="addProducts" finished-at="2024-10-29T23:04:41 WAT" duration-ms="272" status="PASS">
          <reporter-output>
          </reporter-output>
        </test-method> <!-- addProducts -->
        <test-method signature="checkout()[pri:1, instance:CheckoutSuite@75329a49]" started-at="2024-10-29T23:04:50 WAT" name="checkout" finished-at="2024-10-29T23:04:51 WAT" duration-ms="1132" status="PASS">
          <reporter-output>
          </reporter-output>
        </test-method> <!-- checkout -->
        <test-method is-config="true" signature="stopBrowser()[pri:0, instance:CheckoutSuite@75329a49]" started-at="2024-10-29T23:04:51 WAT" name="stopBrowser" finished-at="2024-10-29T23:04:51 WAT" duration-ms="203" status="PASS">
          <reporter-output>
          </reporter-output>
        </test-method> <!-- stopBrowser -->
      </class> <!-- CheckoutSuite -->
      <class name="ShoppingCartSuite">
        <test-method is-config="true" signature="startBrowser(java.lang.String)[pri:0, instance:ShoppingCartSuite@670002]" started-at="2024-10-29T23:04:17 WAT" name="startBrowser" finished-at="2024-10-29T23:04:20 WAT" duration-ms="2999" status="PASS">
          <params>
            <param index="0">
              <value>
                <![CDATA[chrome]]>
              </value>
            </param>
          </params>
          <reporter-output>
          </reporter-output>
        </test-method> <!-- startBrowser -->
        <test-method signature="addProductToCart()[pri:0, instance:ShoppingCartSuite@670002]" started-at="2024-10-29T23:04:41 WAT" name="addProductToCart" finished-at="2024-10-29T23:04:41 WAT" duration-ms="165" status="PASS">
          <reporter-output>
          </reporter-output>
        </test-method> <!-- addProductToCart -->
        <test-method signature="removeProductFromCart()[pri:1, instance:ShoppingCartSuite@670002]" started-at="2024-10-29T23:04:51 WAT" name="removeProductFromCart" finished-at="2024-10-29T23:04:51 WAT" duration-ms="467" status="PASS">
          <reporter-output>
          </reporter-output>
        </test-method> <!-- removeProductFromCart -->
        <test-method is-config="true" signature="stopBrowser()[pri:0, instance:ShoppingCartSuite@670002]" started-at="2024-10-29T23:04:51 WAT" name="stopBrowser" finished-at="2024-10-29T23:04:52 WAT" duration-ms="179" status="PASS">
          <reporter-output>
          </reporter-output>
        </test-method> <!-- stopBrowser -->
      </class> <!-- ShoppingCartSuite -->
      <class name="userManagementSuite">
        <test-method is-config="true" signature="startBrowser(java.lang.String)[pri:0, instance:userManagementSuite@1f0f1111]" started-at="2024-10-29T23:04:30 WAT" name="startBrowser" finished-at="2024-10-29T23:04:41 WAT" duration-ms="10580" status="PASS">
          <params>
            <param index="0">
              <value>
                <![CDATA[chrome]]>
              </value>
            </param>
          </params>
          <reporter-output>
          </reporter-output>
        </test-method> <!-- startBrowser -->
        <test-method signature="logout()[pri:0, instance:userManagementSuite@1f0f1111]" started-at="2024-10-29T23:04:41 WAT" name="logout" finished-at="2024-10-29T23:04:42 WAT" duration-ms="856" status="PASS">
          <reporter-output>
          </reporter-output>
        </test-method> <!-- logout -->
        <test-method is-config="true" signature="stopBrowser()[pri:0, instance:userManagementSuite@1f0f1111]" started-at="2024-10-29T23:04:52 WAT" name="stopBrowser" finished-at="2024-10-29T23:04:52 WAT" duration-ms="188" status="PASS">
          <reporter-output>
          </reporter-output>
        </test-method> <!-- stopBrowser -->
      </class> <!-- userManagementSuite -->
    </test> <!-- Chrome Tests -->
    <test started-at="2024-10-29T23:04:13 WAT" name="Edge Tests" finished-at="2024-10-29T23:05:21 WAT" duration-ms="67569">
      <class name="loginSuite">
        <test-method is-config="true" signature="startBrowser(java.lang.String)[pri:0, instance:loginSuite@35047d03]" started-at="2024-10-29T23:04:41 WAT" name="startBrowser" finished-at="2024-10-29T23:04:57 WAT" duration-ms="16005" status="PASS">
          <params>
            <param index="0">
              <value>
                <![CDATA[edge]]>
              </value>
            </param>
          </params>
          <reporter-output>
          </reporter-output>
        </test-method> <!-- startBrowser -->
        <test-method signature="userLogin()[pri:0, instance:loginSuite@35047d03]" started-at="2024-10-29T23:05:07 WAT" name="userLogin" finished-at="2024-10-29T23:05:14 WAT" duration-ms="6977" status="PASS">
          <reporter-output>
          </reporter-output>
        </test-method> <!-- userLogin -->
        <test-method is-config="true" signature="stopBrowser()[pri:0, instance:loginSuite@35047d03]" started-at="2024-10-29T23:05:18 WAT" name="stopBrowser" finished-at="2024-10-29T23:05:19 WAT" duration-ms="1351" status="PASS">
          <reporter-output>
          </reporter-output>
        </test-method> <!-- stopBrowser -->
      </class> <!-- loginSuite -->
      <class name="CheckoutSuite">
        <test-method is-config="true" signature="startBrowser(java.lang.String)[pri:0, instance:CheckoutSuite@2473d930]" started-at="2024-10-29T23:04:13 WAT" name="startBrowser" finished-at="2024-10-29T23:04:19 WAT" duration-ms="5422" status="PASS">
          <params>
            <param index="0">
              <value>
                <![CDATA[edge]]>
              </value>
            </param>
          </params>
          <reporter-output>
          </reporter-output>
        </test-method> <!-- startBrowser -->
        <test-method signature="addProducts()[pri:0, instance:CheckoutSuite@2473d930]" started-at="2024-10-29T23:05:06 WAT" name="addProducts" finished-at="2024-10-29T23:05:06 WAT" duration-ms="231" status="PASS">
          <reporter-output>
          </reporter-output>
        </test-method> <!-- addProducts -->
        <test-method signature="checkout()[pri:1, instance:CheckoutSuite@2473d930]" started-at="2024-10-29T23:05:14 WAT" name="checkout" finished-at="2024-10-29T23:05:15 WAT" duration-ms="1340" status="PASS">
          <reporter-output>
          </reporter-output>
        </test-method> <!-- checkout -->
        <test-method is-config="true" signature="stopBrowser()[pri:0, instance:CheckoutSuite@2473d930]" started-at="2024-10-29T23:05:15 WAT" name="stopBrowser" finished-at="2024-10-29T23:05:17 WAT" duration-ms="1323" status="PASS">
          <reporter-output>
          </reporter-output>
        </test-method> <!-- stopBrowser -->
      </class> <!-- CheckoutSuite -->
      <class name="ShoppingCartSuite">
        <test-method is-config="true" signature="startBrowser(java.lang.String)[pri:0, instance:ShoppingCartSuite@49b0b76]" started-at="2024-10-29T23:04:19 WAT" name="startBrowser" finished-at="2024-10-29T23:04:41 WAT" duration-ms="21993" status="PASS">
          <params>
            <param index="0">
              <value>
                <![CDATA[edge]]>
              </value>
            </param>
          </params>
          <reporter-output>
          </reporter-output>
        </test-method> <!-- startBrowser -->
        <test-method signature="addProductToCart()[pri:0, instance:ShoppingCartSuite@49b0b76]" started-at="2024-10-29T23:05:05 WAT" name="addProductToCart" finished-at="2024-10-29T23:05:06 WAT" duration-ms="122" status="PASS">
          <reporter-output>
          </reporter-output>
        </test-method> <!-- addProductToCart -->
        <test-method signature="removeProductFromCart()[pri:1, instance:ShoppingCartSuite@49b0b76]" started-at="2024-10-29T23:05:15 WAT" name="removeProductFromCart" finished-at="2024-10-29T23:05:15 WAT" duration-ms="490" status="PASS">
          <reporter-output>
          </reporter-output>
        </test-method> <!-- removeProductFromCart -->
        <test-method is-config="true" signature="stopBrowser()[pri:0, instance:ShoppingCartSuite@49b0b76]" started-at="2024-10-29T23:05:17 WAT" name="stopBrowser" finished-at="2024-10-29T23:05:18 WAT" duration-ms="1340" status="PASS">
          <reporter-output>
          </reporter-output>
        </test-method> <!-- stopBrowser -->
      </class> <!-- ShoppingCartSuite -->
      <class name="userManagementSuite">
        <test-method is-config="true" signature="startBrowser(java.lang.String)[pri:0, instance:userManagementSuite@769f71a9]" started-at="2024-10-29T23:04:57 WAT" name="startBrowser" finished-at="2024-10-29T23:05:05 WAT" duration-ms="8788" status="PASS">
          <params>
            <param index="0">
              <value>
                <![CDATA[edge]]>
              </value>
            </param>
          </params>
          <reporter-output>
          </reporter-output>
        </test-method> <!-- startBrowser -->
        <test-method signature="logout()[pri:0, instance:userManagementSuite@769f71a9]" started-at="2024-10-29T23:05:06 WAT" name="logout" finished-at="2024-10-29T23:05:07 WAT" duration-ms="834" status="PASS">
          <reporter-output>
          </reporter-output>
        </test-method> <!-- logout -->
        <test-method is-config="true" signature="stopBrowser()[pri:0, instance:userManagementSuite@769f71a9]" started-at="2024-10-29T23:05:19 WAT" name="stopBrowser" finished-at="2024-10-29T23:05:21 WAT" duration-ms="1337" status="PASS">
          <reporter-output>
          </reporter-output>
        </test-method> <!-- stopBrowser -->
      </class> <!-- userManagementSuite -->
    </test> <!-- Edge Tests -->
  </suite> <!-- Cross-Browser Testing Suite -->
</testng-results>
